2023-10-12 10:55:35,413 - Log4JLogChute initialized using file 'velocity.log'
2023-10-12 10:55:35,413 - Initializing Velocity, Calling init()...
2023-10-12 10:55:35,413 - Starting Apache Velocity v1.7 (compiled: 2010-11-19 12:14:37)
2023-10-12 10:55:35,414 - Default Properties File: org\apache\velocity\runtime\defaults\velocity.properties
2023-10-12 10:55:35,414 - Trying to use logger class org.apache.velocity.runtime.log.AvalonLogChute
2023-10-12 10:55:35,414 - Target log system for org.apache.velocity.runtime.log.AvalonLogChute is not available (java.lang.NoClassDefFoundError: org/apache/log/format/Formatter).  Falling back to next log system...
2023-10-12 10:55:35,414 - Trying to use logger class org.apache.velocity.runtime.log.Log4JLogChute
2023-10-12 10:55:35,414 - Using logger class org.apache.velocity.runtime.log.Log4JLogChute
2023-10-12 10:55:35,421 - ResourceLoader instantiated: org.apache.velocity.runtime.resource.loader.StringResourceLoader
2023-10-12 10:55:35,422 - Creating string repository using class org.apache.velocity.runtime.resource.util.StringResourceRepositoryImpl...
2023-10-12 10:55:35,422 - Default repository encoding is UTF-8
2023-10-12 10:55:35,444 - ResourceCache: initialized (class org.apache.velocity.runtime.resource.ResourceCacheImpl) with class java.util.Collections$SynchronizedMap cache map.
2023-10-12 10:55:35,447 - Loaded System Directive: org.apache.velocity.runtime.directive.Stop
2023-10-12 10:55:35,449 - Loaded System Directive: org.apache.velocity.runtime.directive.Define
2023-10-12 10:55:35,449 - Loaded System Directive: org.apache.velocity.runtime.directive.Break
2023-10-12 10:55:35,451 - Loaded System Directive: org.apache.velocity.runtime.directive.Evaluate
2023-10-12 10:55:35,452 - Loaded System Directive: org.apache.velocity.runtime.directive.Literal
2023-10-12 10:55:35,454 - Loaded System Directive: org.apache.velocity.runtime.directive.Macro
2023-10-12 10:55:35,456 - Loaded System Directive: org.apache.velocity.runtime.directive.Parse
2023-10-12 10:55:35,459 - Loaded System Directive: org.apache.velocity.runtime.directive.Include
2023-10-12 10:55:35,461 - Loaded System Directive: org.apache.velocity.runtime.directive.Foreach
2023-10-12 10:55:35,538 - Created '20' parsers.
2023-10-12 10:55:35,546 - Velocimacro : "velocimacro.library" is not set.  Trying default library: VM_global_library.vm
2023-10-12 10:55:35,546 - Velocimacro : Default library not found.
2023-10-12 10:55:35,546 - Velocimacro : allowInline = true : VMs can be defined inline in templates
2023-10-12 10:55:35,546 - Velocimacro : allowInlineToOverride = false : VMs defined inline may NOT replace previous VM definitions
2023-10-12 10:55:35,547 - Velocimacro : allowInlineLocal = false : VMs defined inline will be global in scope if allowed.
2023-10-12 10:55:35,547 - Velocimacro : autoload off : VM system will not automatically reload global library macros
